{"C:\\Users\\gy659\\OneDrive\\Desktop\\CODING\\Namaste React\\Frontend\\src\\components\\ContactUs.js": {"path":"C:\\Users\\gy659\\OneDrive\\Desktop\\CODING\\Namaste React\\Frontend\\src\\components\\ContactUs.js","statementMap":{"0":{"start":{"line":1,"column":18},"end":{"line":26,"column":1}},"1":{"start":{"line":3,"column":4},"end":{"line":25,"column":6}}},"fnMap":{"0":{"name":"(anonymous_0)","decl":{"start":{"line":1,"column":18},"end":{"line":1,"column":19}},"loc":{"start":{"line":2,"column":0},"end":{"line":26,"column":1}},"line":2}},"branchMap":{},"s":{"0":1,"1":4},"f":{"0":4},"b":{},"_coverageSchema":"1a1c01bbd47fc00a2c39e90264f33305004495a9","hash":"693db3f3eade6d1e7e884bd1924905d7976ee907"}
,"C:\\Users\\gy659\\OneDrive\\Desktop\\CODING\\Namaste React\\Frontend\\src\\components\\sum.js": {"path":"C:\\Users\\gy659\\OneDrive\\Desktop\\CODING\\Namaste React\\Frontend\\src\\components\\sum.js","statementMap":{"0":{"start":{"line":1,"column":19},"end":{"line":4,"column":1}},"1":{"start":{"line":3,"column":4},"end":{"line":3,"column":17}}},"fnMap":{"0":{"name":"(anonymous_0)","decl":{"start":{"line":1,"column":19},"end":{"line":1,"column":20}},"loc":{"start":{"line":2,"column":0},"end":{"line":4,"column":1}},"line":2}},"branchMap":{},"s":{"0":1,"1":1},"f":{"0":1},"b":{},"_coverageSchema":"1a1c01bbd47fc00a2c39e90264f33305004495a9","hash":"c0bd39b4af3e11f0c10cadbba89acbf14b3a90f6"}
}
